<?xml version="1.0" encoding="UTF-8"?>
<coverage generated="1727367412262" clover="3.2.0">
  <project timestamp="1727367412263" name="All files">
    <metrics statements="7" coveredstatements="6" conditionals="0" coveredconditionals="0" methods="2" coveredmethods="1" elements="9" coveredelements="7" complexity="0" loc="7" ncloc="7" packages="1" files="1" classes="1"/>
    <file name="sum.js" path="/home/zulu494/Src/Node-Unit-Test/src/sum.js">
      <metrics statements="7" coveredstatements="6" conditionals="0" coveredconditionals="0" methods="2" coveredmethods="1"/>
      <line num="1" count="2" type="stmt"/>
      <line num="2" count="0" type="stmt"/>
      <line num="5" count="2" type="stmt"/>
      <line num="6" count="12" type="stmt"/>
      <line num="7" count="12" type="stmt"/>
      <line num="8" count="38" type="stmt"/>
      <line num="10" count="12" type="stmt"/>
    </file>
  </project>
</coverage>
