<?xml version="1.0" encoding="UTF-8"?>
<coverage generated="1727364417204" clover="3.2.0">
  <project timestamp="1727364417204" name="All files">
    <metrics statements="17" coveredstatements="16" conditionals="4" coveredconditionals="3" methods="6" coveredmethods="6" elements="27" coveredelements="25" complexity="0" loc="17" ncloc="17" packages="1" files="3" classes="3"/>
    <file name="async.js" path="/home/zulu494/Src/Node-Unit-Test/src/async.js">
      <metrics statements="6" coveredstatements="6" conditionals="2" coveredconditionals="2" methods="3" coveredmethods="3"/>
      <line num="1" count="1" type="stmt"/>
      <line num="2" count="2" type="stmt"/>
      <line num="3" count="2" type="stmt"/>
      <line num="4" count="2" type="cond" truecount="2" falsecount="0"/>
      <line num="5" count="1" type="stmt"/>
      <line num="7" count="1" type="stmt"/>
    </file>
    <file name="exception.js" path="/home/zulu494/Src/Node-Unit-Test/src/exception.js">
      <metrics statements="4" coveredstatements="3" conditionals="2" coveredconditionals="1" methods="1" coveredmethods="1"/>
      <line num="3" count="1" type="stmt"/>
      <line num="4" count="1" type="cond" truecount="1" falsecount="1"/>
      <line num="5" count="1" type="stmt"/>
      <line num="7" count="0" type="stmt"/>
    </file>
    <file name="sum.js" path="/home/zulu494/Src/Node-Unit-Test/src/sum.js">
      <metrics statements="7" coveredstatements="7" conditionals="0" coveredconditionals="0" methods="2" coveredmethods="2"/>
      <line num="1" count="3" type="stmt"/>
      <line num="2" count="4" type="stmt"/>
      <line num="5" count="3" type="stmt"/>
      <line num="6" count="1" type="stmt"/>
      <line num="7" count="1" type="stmt"/>
      <line num="8" count="4" type="stmt"/>
      <line num="10" count="1" type="stmt"/>
    </file>
  </project>
</coverage>
